<?xml version="1.0" encoding="UTF-8"?>
<!-- Generated by org.testng.reporters.JUnitReportReporter -->
<testsuite hostname="Me" failures="0" tests="1" name="TestNG.TC01_RegisterUser" time="8.125" errors="0" timestamp="2024-06-27T16:11:19 IST" skipped="0">
  <testcase classname="TestNG.TC01_RegisterUser" name="tc02" time="8.125"/>
</testsuite> <!-- TestNG.TC01_RegisterUser -->
